<?xml version="1.0" encoding="UTF-8"?>
<testsuite xmlns:xsi="http://www.w3.org/2001/XMLSchema-instance" xsi:noNamespaceSchemaLocation="https://maven.apache.org/surefire/maven-surefire-plugin/xsd/surefire-test-report.xsd" name="com.bpb.book.AppControllerTest" time="89.096" tests="3" errors="0" skipped="0" failures="0">
  <properties>
[...]
</properties>
  <testcase name="cdiTest" classname="com.bpb.book.AppControllerTest" time="21.805"/>
  <testcase name="viewTest" classname="com.bpb.book.AppControllerTest" time="22.439"/>
  <testcase name="viewable" classname="com.bpb.book.AppControllerTest" time="44.85"/>
</testsuite>